{"D:\\loksewa-portal\\src\\core-logic.js": {"path":"D:\\loksewa-portal\\src\\core-logic.js","all":false,"statementMap":{"0":{"start":{"line":1,"column":0},"end":{"line":1,"column":48}},"1":{"start":{"line":2,"column":0},"end":{"line":2,"column":64}},"3":{"start":{"line":4,"column":0},"end":{"line":4,"column":3}},"4":{"start":{"line":5,"column":0},"end":{"line":5,"column":33}},"5":{"start":{"line":6,"column":0},"end":{"line":6,"column":3}},"6":{"start":{"line":7,"column":0},"end":{"line":7,"column":47}},"7":{"start":{"line":8,"column":0},"end":{"line":8,"column":28}},"8":{"start":{"line":9,"column":0},"end":{"line":9,"column":22}},"9":{"start":{"line":10,"column":0},"end":{"line":10,"column":36}},"10":{"start":{"line":11,"column":0},"end":{"line":11,"column":18}},"11":{"start":{"line":12,"column":0},"end":{"line":12,"column":31}},"12":{"start":{"line":13,"column":0},"end":{"line":13,"column":12}},"13":{"start":{"line":14,"column":0},"end":{"line":14,"column":1}},"15":{"start":{"line":16,"column":0},"end":{"line":16,"column":3}},"16":{"start":{"line":17,"column":0},"end":{"line":17,"column":51}},"17":{"start":{"line":18,"column":0},"end":{"line":18,"column":3}},"18":{"start":{"line":19,"column":0},"end":{"line":19,"column":48}},"19":{"start":{"line":20,"column":0},"end":{"line":20,"column":72}},"20":{"start":{"line":21,"column":0},"end":{"line":21,"column":67}},"21":{"start":{"line":22,"column":0},"end":{"line":22,"column":57}},"22":{"start":{"line":23,"column":0},"end":{"line":23,"column":20}},"23":{"start":{"line":24,"column":0},"end":{"line":24,"column":11}},"24":{"start":{"line":25,"column":0},"end":{"line":25,"column":15}},"25":{"start":{"line":26,"column":0},"end":{"line":26,"column":59}},"26":{"start":{"line":27,"column":0},"end":{"line":27,"column":55}},"27":{"start":{"line":28,"column":0},"end":{"line":28,"column":1}},"29":{"start":{"line":30,"column":0},"end":{"line":30,"column":3}},"30":{"start":{"line":31,"column":0},"end":{"line":31,"column":47}},"31":{"start":{"line":32,"column":0},"end":{"line":32,"column":3}},"32":{"start":{"line":33,"column":0},"end":{"line":33,"column":31}},"33":{"start":{"line":34,"column":0},"end":{"line":34,"column":35}},"34":{"start":{"line":35,"column":0},"end":{"line":35,"column":65}},"36":{"start":{"line":37,"column":0},"end":{"line":37,"column":3}},"37":{"start":{"line":38,"column":0},"end":{"line":38,"column":48}},"38":{"start":{"line":39,"column":0},"end":{"line":39,"column":3}},"39":{"start":{"line":40,"column":0},"end":{"line":40,"column":73}},"40":{"start":{"line":41,"column":0},"end":{"line":41,"column":20}},"41":{"start":{"line":42,"column":0},"end":{"line":42,"column":13}},"42":{"start":{"line":43,"column":0},"end":{"line":43,"column":19}},"43":{"start":{"line":44,"column":0},"end":{"line":44,"column":53}},"44":{"start":{"line":45,"column":0},"end":{"line":45,"column":18}},"45":{"start":{"line":46,"column":0},"end":{"line":46,"column":6}},"46":{"start":{"line":47,"column":0},"end":{"line":47,"column":3}},"47":{"start":{"line":48,"column":0},"end":{"line":48,"column":2}},"48":{"start":{"line":49,"column":0},"end":{"line":49,"column":33}},"49":{"start":{"line":50,"column":0},"end":{"line":50,"column":18}},"50":{"start":{"line":51,"column":0},"end":{"line":51,"column":2}},"51":{"start":{"line":52,"column":0},"end":{"line":52,"column":55}},"52":{"start":{"line":53,"column":0},"end":{"line":53,"column":60}},"53":{"start":{"line":54,"column":0},"end":{"line":54,"column":91}},"54":{"start":{"line":55,"column":0},"end":{"line":55,"column":129}},"55":{"start":{"line":56,"column":0},"end":{"line":56,"column":2}},"56":{"start":{"line":57,"column":0},"end":{"line":57,"column":88}},"57":{"start":{"line":58,"column":0},"end":{"line":58,"column":83}},"58":{"start":{"line":59,"column":0},"end":{"line":59,"column":20}},"59":{"start":{"line":60,"column":0},"end":{"line":60,"column":83}},"60":{"start":{"line":61,"column":0},"end":{"line":61,"column":58}},"61":{"start":{"line":62,"column":0},"end":{"line":62,"column":2}},"62":{"start":{"line":63,"column":0},"end":{"line":63,"column":73}},"63":{"start":{"line":64,"column":0},"end":{"line":64,"column":1}},"65":{"start":{"line":66,"column":0},"end":{"line":66,"column":3}},"66":{"start":{"line":67,"column":0},"end":{"line":67,"column":49}},"67":{"start":{"line":68,"column":0},"end":{"line":68,"column":3}},"68":{"start":{"line":69,"column":0},"end":{"line":69,"column":63}},"69":{"start":{"line":70,"column":0},"end":{"line":70,"column":101}},"70":{"start":{"line":71,"column":0},"end":{"line":71,"column":107}},"71":{"start":{"line":72,"column":0},"end":{"line":72,"column":88}},"72":{"start":{"line":73,"column":0},"end":{"line":73,"column":2}},"73":{"start":{"line":74,"column":0},"end":{"line":74,"column":10}},"74":{"start":{"line":75,"column":0},"end":{"line":75,"column":14}},"75":{"start":{"line":76,"column":0},"end":{"line":76,"column":51}},"76":{"start":{"line":77,"column":0},"end":{"line":77,"column":4}},"77":{"start":{"line":78,"column":0},"end":{"line":78,"column":1}},"79":{"start":{"line":80,"column":0},"end":{"line":80,"column":3}},"80":{"start":{"line":81,"column":0},"end":{"line":81,"column":32}},"81":{"start":{"line":82,"column":0},"end":{"line":82,"column":3}},"82":{"start":{"line":83,"column":0},"end":{"line":83,"column":41}},"83":{"start":{"line":84,"column":0},"end":{"line":84,"column":25}},"84":{"start":{"line":85,"column":0},"end":{"line":85,"column":31}},"85":{"start":{"line":86,"column":0},"end":{"line":86,"column":42}},"86":{"start":{"line":87,"column":0},"end":{"line":87,"column":23}},"87":{"start":{"line":88,"column":0},"end":{"line":88,"column":1}},"89":{"start":{"line":90,"column":0},"end":{"line":90,"column":3}},"90":{"start":{"line":91,"column":0},"end":{"line":91,"column":26}},"91":{"start":{"line":92,"column":0},"end":{"line":92,"column":3}},"92":{"start":{"line":93,"column":0},"end":{"line":93,"column":78}},"93":{"start":{"line":94,"column":0},"end":{"line":94,"column":39}},"94":{"start":{"line":95,"column":0},"end":{"line":95,"column":104}},"95":{"start":{"line":96,"column":0},"end":{"line":96,"column":99}},"96":{"start":{"line":97,"column":0},"end":{"line":97,"column":102}},"97":{"start":{"line":98,"column":0},"end":{"line":98,"column":38}},"98":{"start":{"line":99,"column":0},"end":{"line":99,"column":1}},"100":{"start":{"line":101,"column":0},"end":{"line":101,"column":3}},"101":{"start":{"line":102,"column":0},"end":{"line":102,"column":22}},"102":{"start":{"line":103,"column":0},"end":{"line":103,"column":3}},"103":{"start":{"line":104,"column":0},"end":{"line":104,"column":65}},"104":{"start":{"line":105,"column":0},"end":{"line":105,"column":47}},"105":{"start":{"line":106,"column":0},"end":{"line":106,"column":1}},"107":{"start":{"line":108,"column":0},"end":{"line":108,"column":3}},"108":{"start":{"line":109,"column":0},"end":{"line":109,"column":38}},"109":{"start":{"line":110,"column":0},"end":{"line":110,"column":3}},"110":{"start":{"line":111,"column":0},"end":{"line":111,"column":93}},"111":{"start":{"line":112,"column":0},"end":{"line":112,"column":32}},"112":{"start":{"line":113,"column":0},"end":{"line":113,"column":2}},"113":{"start":{"line":114,"column":0},"end":{"line":114,"column":47}},"114":{"start":{"line":115,"column":0},"end":{"line":115,"column":56}},"115":{"start":{"line":116,"column":0},"end":{"line":116,"column":52}},"116":{"start":{"line":117,"column":0},"end":{"line":117,"column":37}},"117":{"start":{"line":118,"column":0},"end":{"line":118,"column":36}},"118":{"start":{"line":119,"column":0},"end":{"line":119,"column":73}},"119":{"start":{"line":120,"column":0},"end":{"line":120,"column":7}},"120":{"start":{"line":121,"column":0},"end":{"line":121,"column":53}},"121":{"start":{"line":122,"column":0},"end":{"line":122,"column":57}},"122":{"start":{"line":123,"column":0},"end":{"line":123,"column":70}},"123":{"start":{"line":124,"column":0},"end":{"line":124,"column":37}},"124":{"start":{"line":125,"column":0},"end":{"line":125,"column":37}},"125":{"start":{"line":126,"column":0},"end":{"line":126,"column":58}},"126":{"start":{"line":127,"column":0},"end":{"line":127,"column":7}},"127":{"start":{"line":128,"column":0},"end":{"line":128,"column":3}},"128":{"start":{"line":129,"column":0},"end":{"line":129,"column":2}},"129":{"start":{"line":130,"column":0},"end":{"line":130,"column":18}},"130":{"start":{"line":131,"column":0},"end":{"line":131,"column":1}},"132":{"start":{"line":133,"column":0},"end":{"line":133,"column":3}},"133":{"start":{"line":134,"column":0},"end":{"line":134,"column":27}},"134":{"start":{"line":135,"column":0},"end":{"line":135,"column":3}},"135":{"start":{"line":136,"column":0},"end":{"line":136,"column":87}},"136":{"start":{"line":137,"column":0},"end":{"line":137,"column":25}},"137":{"start":{"line":138,"column":0},"end":{"line":138,"column":25}},"138":{"start":{"line":139,"column":0},"end":{"line":139,"column":22}},"139":{"start":{"line":140,"column":0},"end":{"line":140,"column":24}},"140":{"start":{"line":141,"column":0},"end":{"line":141,"column":29}},"141":{"start":{"line":142,"column":0},"end":{"line":142,"column":2}},"142":{"start":{"line":143,"column":0},"end":{"line":143,"column":21}},"143":{"start":{"line":144,"column":0},"end":{"line":144,"column":21}},"144":{"start":{"line":145,"column":0},"end":{"line":145,"column":63}},"145":{"start":{"line":146,"column":0},"end":{"line":146,"column":25}},"146":{"start":{"line":147,"column":0},"end":{"line":147,"column":44}},"147":{"start":{"line":148,"column":0},"end":{"line":148,"column":5}},"148":{"start":{"line":149,"column":0},"end":{"line":149,"column":2}},"149":{"start":{"line":150,"column":0},"end":{"line":150,"column":34}},"150":{"start":{"line":151,"column":0},"end":{"line":151,"column":21}},"151":{"start":{"line":152,"column":0},"end":{"line":152,"column":54}},"152":{"start":{"line":153,"column":0},"end":{"line":153,"column":5}},"153":{"start":{"line":154,"column":0},"end":{"line":154,"column":42}},"154":{"start":{"line":155,"column":0},"end":{"line":155,"column":2}},"155":{"start":{"line":156,"column":0},"end":{"line":156,"column":44}},"156":{"start":{"line":157,"column":0},"end":{"line":157,"column":2}},"157":{"start":{"line":158,"column":0},"end":{"line":158,"column":102}},"158":{"start":{"line":159,"column":0},"end":{"line":159,"column":1}},"160":{"start":{"line":161,"column":0},"end":{"line":161,"column":3}},"161":{"start":{"line":162,"column":0},"end":{"line":162,"column":26}},"162":{"start":{"line":163,"column":0},"end":{"line":163,"column":3}},"163":{"start":{"line":164,"column":0},"end":{"line":164,"column":43}},"164":{"start":{"line":165,"column":0},"end":{"line":165,"column":18}},"165":{"start":{"line":166,"column":0},"end":{"line":166,"column":23}},"166":{"start":{"line":167,"column":0},"end":{"line":167,"column":21}},"167":{"start":{"line":168,"column":0},"end":{"line":168,"column":55}},"168":{"start":{"line":169,"column":0},"end":{"line":169,"column":32}},"169":{"start":{"line":170,"column":0},"end":{"line":170,"column":26}},"170":{"start":{"line":171,"column":0},"end":{"line":171,"column":5}},"171":{"start":{"line":172,"column":0},"end":{"line":172,"column":5}},"172":{"start":{"line":173,"column":0},"end":{"line":173,"column":19}},"173":{"start":{"line":174,"column":0},"end":{"line":174,"column":1}},"175":{"start":{"line":176,"column":0},"end":{"line":176,"column":3}},"176":{"start":{"line":177,"column":0},"end":{"line":177,"column":32}},"177":{"start":{"line":178,"column":0},"end":{"line":178,"column":3}},"178":{"start":{"line":179,"column":0},"end":{"line":179,"column":48}},"179":{"start":{"line":180,"column":0},"end":{"line":180,"column":18}},"180":{"start":{"line":181,"column":0},"end":{"line":181,"column":21}},"181":{"start":{"line":182,"column":0},"end":{"line":182,"column":70}},"182":{"start":{"line":183,"column":0},"end":{"line":183,"column":5}},"183":{"start":{"line":184,"column":0},"end":{"line":184,"column":17}},"184":{"start":{"line":185,"column":0},"end":{"line":185,"column":1}},"186":{"start":{"line":187,"column":0},"end":{"line":187,"column":3}},"187":{"start":{"line":188,"column":0},"end":{"line":188,"column":15}},"188":{"start":{"line":189,"column":0},"end":{"line":189,"column":3}},"189":{"start":{"line":190,"column":0},"end":{"line":190,"column":34}},"190":{"start":{"line":191,"column":0},"end":{"line":191,"column":23}},"191":{"start":{"line":192,"column":0},"end":{"line":192,"column":13}},"192":{"start":{"line":193,"column":0},"end":{"line":193,"column":23}},"193":{"start":{"line":194,"column":0},"end":{"line":194,"column":23}},"194":{"start":{"line":195,"column":0},"end":{"line":195,"column":23}},"195":{"start":{"line":196,"column":0},"end":{"line":196,"column":24}},"196":{"start":{"line":197,"column":0},"end":{"line":197,"column":29}},"197":{"start":{"line":198,"column":0},"end":{"line":198,"column":1}},"199":{"start":{"line":200,"column":0},"end":{"line":200,"column":3}},"200":{"start":{"line":201,"column":0},"end":{"line":201,"column":20}},"201":{"start":{"line":202,"column":0},"end":{"line":202,"column":3}},"202":{"start":{"line":203,"column":0},"end":{"line":203,"column":34}},"203":{"start":{"line":204,"column":0},"end":{"line":204,"column":23}},"204":{"start":{"line":205,"column":0},"end":{"line":205,"column":46}},"205":{"start":{"line":206,"column":0},"end":{"line":206,"column":1}},"207":{"start":{"line":208,"column":0},"end":{"line":208,"column":3}},"208":{"start":{"line":209,"column":0},"end":{"line":209,"column":21}},"209":{"start":{"line":210,"column":0},"end":{"line":210,"column":3}},"210":{"start":{"line":211,"column":0},"end":{"line":211,"column":48}},"211":{"start":{"line":212,"column":0},"end":{"line":212,"column":42}},"212":{"start":{"line":213,"column":0},"end":{"line":213,"column":30}},"213":{"start":{"line":214,"column":0},"end":{"line":214,"column":29}},"214":{"start":{"line":215,"column":0},"end":{"line":215,"column":10}},"215":{"start":{"line":216,"column":0},"end":{"line":216,"column":73}},"216":{"start":{"line":217,"column":0},"end":{"line":217,"column":3}},"217":{"start":{"line":218,"column":0},"end":{"line":218,"column":22}},"218":{"start":{"line":219,"column":0},"end":{"line":219,"column":1}},"220":{"start":{"line":221,"column":0},"end":{"line":221,"column":65}},"221":{"start":{"line":222,"column":0},"end":{"line":222,"column":42}},"222":{"start":{"line":223,"column":0},"end":{"line":223,"column":40}},"223":{"start":{"line":224,"column":0},"end":{"line":224,"column":2}},"224":{"start":{"line":225,"column":0},"end":{"line":225,"column":41}},"225":{"start":{"line":226,"column":0},"end":{"line":226,"column":75}},"226":{"start":{"line":227,"column":0},"end":{"line":227,"column":2}},"227":{"start":{"line":228,"column":0},"end":{"line":228,"column":44}},"228":{"start":{"line":229,"column":0},"end":{"line":229,"column":75}},"229":{"start":{"line":230,"column":0},"end":{"line":230,"column":2}},"230":{"start":{"line":231,"column":0},"end":{"line":231,"column":42}},"231":{"start":{"line":232,"column":0},"end":{"line":232,"column":33}},"232":{"start":{"line":233,"column":0},"end":{"line":233,"column":30}},"233":{"start":{"line":234,"column":0},"end":{"line":234,"column":3}},"234":{"start":{"line":235,"column":0},"end":{"line":235,"column":2}},"235":{"start":{"line":236,"column":0},"end":{"line":236,"column":60}},"236":{"start":{"line":237,"column":0},"end":{"line":237,"column":1}},"238":{"start":{"line":239,"column":0},"end":{"line":239,"column":70}},"239":{"start":{"line":240,"column":0},"end":{"line":240,"column":42}},"240":{"start":{"line":241,"column":0},"end":{"line":241,"column":40}},"241":{"start":{"line":242,"column":0},"end":{"line":242,"column":2}},"242":{"start":{"line":243,"column":0},"end":{"line":243,"column":41}},"243":{"start":{"line":244,"column":0},"end":{"line":244,"column":75}},"244":{"start":{"line":245,"column":0},"end":{"line":245,"column":2}},"245":{"start":{"line":246,"column":0},"end":{"line":246,"column":55}},"246":{"start":{"line":247,"column":0},"end":{"line":247,"column":2}},"247":{"start":{"line":248,"column":0},"end":{"line":248,"column":41}},"248":{"start":{"line":249,"column":0},"end":{"line":249,"column":22}},"249":{"start":{"line":250,"column":0},"end":{"line":250,"column":29}},"250":{"start":{"line":251,"column":0},"end":{"line":251,"column":45}},"251":{"start":{"line":252,"column":0},"end":{"line":252,"column":5}},"252":{"start":{"line":253,"column":0},"end":{"line":253,"column":40}},"253":{"start":{"line":254,"column":0},"end":{"line":254,"column":2}},"254":{"start":{"line":255,"column":0},"end":{"line":255,"column":60}},"255":{"start":{"line":256,"column":0},"end":{"line":256,"column":1}},"257":{"start":{"line":258,"column":0},"end":{"line":258,"column":58}},"258":{"start":{"line":259,"column":0},"end":{"line":259,"column":42}},"259":{"start":{"line":260,"column":0},"end":{"line":260,"column":41}},"260":{"start":{"line":261,"column":0},"end":{"line":261,"column":37}},"261":{"start":{"line":262,"column":0},"end":{"line":262,"column":23}},"262":{"start":{"line":263,"column":0},"end":{"line":263,"column":22}},"263":{"start":{"line":264,"column":0},"end":{"line":264,"column":1}},"265":{"start":{"line":266,"column":0},"end":{"line":266,"column":57}},"266":{"start":{"line":267,"column":0},"end":{"line":267,"column":47}},"267":{"start":{"line":268,"column":0},"end":{"line":268,"column":1}},"269":{"start":{"line":270,"column":0},"end":{"line":270,"column":57}},"270":{"start":{"line":271,"column":0},"end":{"line":271,"column":30}},"271":{"start":{"line":272,"column":0},"end":{"line":272,"column":31}},"272":{"start":{"line":273,"column":0},"end":{"line":273,"column":47}},"273":{"start":{"line":274,"column":0},"end":{"line":274,"column":5}},"274":{"start":{"line":275,"column":0},"end":{"line":275,"column":47}},"275":{"start":{"line":276,"column":0},"end":{"line":276,"column":1}},"277":{"start":{"line":278,"column":0},"end":{"line":278,"column":3}},"278":{"start":{"line":279,"column":0},"end":{"line":279,"column":24}},"279":{"start":{"line":280,"column":0},"end":{"line":280,"column":3}},"280":{"start":{"line":281,"column":0},"end":{"line":281,"column":49}},"281":{"start":{"line":282,"column":0},"end":{"line":282,"column":44}},"282":{"start":{"line":283,"column":0},"end":{"line":283,"column":54}},"283":{"start":{"line":284,"column":0},"end":{"line":284,"column":29}},"284":{"start":{"line":285,"column":0},"end":{"line":285,"column":23}},"285":{"start":{"line":286,"column":0},"end":{"line":286,"column":1}},"287":{"start":{"line":288,"column":0},"end":{"line":288,"column":3}},"288":{"start":{"line":289,"column":0},"end":{"line":289,"column":20}},"289":{"start":{"line":290,"column":0},"end":{"line":290,"column":3}},"290":{"start":{"line":291,"column":0},"end":{"line":291,"column":37}},"291":{"start":{"line":292,"column":0},"end":{"line":292,"column":16}},"292":{"start":{"line":293,"column":0},"end":{"line":293,"column":23}},"293":{"start":{"line":294,"column":0},"end":{"line":294,"column":28}},"294":{"start":{"line":295,"column":0},"end":{"line":295,"column":53}},"295":{"start":{"line":296,"column":0},"end":{"line":296,"column":4}},"296":{"start":{"line":297,"column":0},"end":{"line":297,"column":1}},"298":{"start":{"line":299,"column":0},"end":{"line":299,"column":3}},"299":{"start":{"line":300,"column":0},"end":{"line":300,"column":20}},"300":{"start":{"line":301,"column":0},"end":{"line":301,"column":3}},"301":{"start":{"line":302,"column":0},"end":{"line":302,"column":37}},"302":{"start":{"line":303,"column":0},"end":{"line":303,"column":17}},"303":{"start":{"line":304,"column":0},"end":{"line":304,"column":23}},"304":{"start":{"line":305,"column":0},"end":{"line":305,"column":22}},"305":{"start":{"line":306,"column":0},"end":{"line":306,"column":18}},"306":{"start":{"line":307,"column":0},"end":{"line":307,"column":24}},"307":{"start":{"line":308,"column":0},"end":{"line":308,"column":50}},"308":{"start":{"line":309,"column":0},"end":{"line":309,"column":5}},"309":{"start":{"line":310,"column":0},"end":{"line":310,"column":4}},"310":{"start":{"line":311,"column":0},"end":{"line":311,"column":1}}},"s":{"0":1,"1":1,"3":1,"4":1,"5":1,"6":1,"7":27,"8":27,"9":27,"10":27,"11":27,"12":27,"13":27,"15":1,"16":1,"17":1,"18":1,"19":6,"20":6,"21":6,"22":6,"23":6,"24":6,"25":6,"26":4,"27":4,"29":1,"30":1,"31":1,"32":1,"33":1,"34":1,"36":1,"37":1,"38":1,"39":1,"40":33,"41":12,"42":12,"43":12,"44":12,"45":12,"46":12,"47":21,"48":21,"49":21,"50":21,"51":33,"52":7,"53":6,"54":1,"55":21,"56":21,"57":21,"58":21,"59":21,"60":21,"61":21,"62":21,"63":21,"65":1,"66":1,"67":1,"68":1,"69":3,"70":3,"71":3,"72":3,"73":3,"74":3,"75":3,"76":3,"77":3,"79":1,"80":1,"81":1,"82":1,"83":1,"84":1,"85":1,"86":1,"87":1,"89":1,"90":1,"91":1,"92":1,"93":5,"94":5,"95":5,"96":5,"97":2,"98":2,"100":1,"101":1,"102":1,"103":1,"104":3,"105":3,"107":1,"108":1,"109":1,"110":1,"111":5,"112":5,"113":5,"114":1,"115":5,"116":1,"117":3,"118":3,"119":1,"120":4,"121":1,"122":3,"123":1,"124":3,"125":3,"126":1,"127":1,"128":5,"129":5,"130":5,"132":1,"133":1,"134":1,"135":1,"136":1,"137":1,"138":1,"139":1,"140":1,"141":1,"142":1,"143":3,"144":3,"145":1,"146":3,"147":1,"148":1,"149":1,"150":1,"151":3,"152":1,"153":1,"154":1,"155":1,"156":1,"157":1,"158":1,"160":1,"161":1,"162":1,"163":1,"164":2,"165":2,"166":2,"167":5,"168":2,"169":2,"170":2,"171":2,"172":2,"173":2,"175":1,"176":1,"177":1,"178":1,"179":2,"180":2,"181":5,"182":2,"183":2,"184":2,"186":1,"187":1,"188":1,"189":1,"190":8,"191":6,"192":6,"193":6,"194":6,"195":6,"196":6,"197":6,"199":1,"200":1,"201":1,"202":1,"203":2,"204":2,"205":2,"207":1,"208":1,"209":1,"210":1,"211":2,"212":2,"213":1,"214":1,"215":1,"216":1,"217":2,"218":2,"220":1,"221":2,"222":2,"223":2,"224":2,"225":2,"226":2,"227":2,"228":2,"229":2,"230":2,"231":1,"232":1,"233":1,"234":2,"235":2,"236":2,"238":1,"239":2,"240":2,"241":2,"242":2,"243":2,"244":2,"245":2,"246":2,"247":2,"248":2,"249":2,"250":2,"251":2,"252":2,"253":2,"254":2,"255":2,"257":1,"258":1,"259":1,"260":1,"261":1,"262":1,"263":1,"265":1,"266":1,"267":1,"269":1,"270":1,"271":1,"272":3,"273":1,"274":1,"275":1,"277":1,"278":1,"279":1,"280":1,"281":2,"282":2,"283":1,"284":2,"285":2,"287":1,"288":1,"289":1,"290":1,"291":1,"292":1,"293":3,"294":3,"295":1,"296":1,"298":1,"299":1,"300":1,"301":1,"302":1,"303":1,"304":4,"305":2,"306":2,"307":2,"308":2,"309":1,"310":1},"branchMap":{"0":{"type":"branch","line":7,"loc":{"start":{"line":7,"column":7},"end":{"line":14,"column":1}},"locations":[{"start":{"line":7,"column":7},"end":{"line":14,"column":1}}]},"1":{"type":"branch","line":8,"loc":{"start":{"line":8,"column":22},"end":{"line":8,"column":27}},"locations":[{"start":{"line":8,"column":22},"end":{"line":8,"column":27}}]},"2":{"type":"branch","line":19,"loc":{"start":{"line":19,"column":7},"end":{"line":28,"column":1}},"locations":[{"start":{"line":19,"column":7},"end":{"line":28,"column":1}}]},"3":{"type":"branch","line":20,"loc":{"start":{"line":20,"column":60},"end":{"line":20,"column":70}},"locations":[{"start":{"line":20,"column":60},"end":{"line":20,"column":70}}]},"4":{"type":"branch","line":21,"loc":{"start":{"line":21,"column":51},"end":{"line":21,"column":60}},"locations":[{"start":{"line":21,"column":51},"end":{"line":21,"column":60}}]},"5":{"type":"branch","line":21,"loc":{"start":{"line":21,"column":61},"end":{"line":21,"column":66}},"locations":[{"start":{"line":21,"column":61},"end":{"line":21,"column":66}}]},"6":{"type":"branch","line":26,"loc":{"start":{"line":26,"column":26},"end":{"line":26,"column":47}},"locations":[{"start":{"line":26,"column":26},"end":{"line":26,"column":47}}]},"7":{"type":"branch","line":26,"loc":{"start":{"line":26,"column":49},"end":{"line":26,"column":59}},"locations":[{"start":{"line":26,"column":49},"end":{"line":26,"column":59}}]},"8":{"type":"branch","line":26,"loc":{"start":{"line":26,"column":58},"end":{"line":28,"column":1}},"locations":[{"start":{"line":26,"column":58},"end":{"line":28,"column":1}}]},"9":{"type":"branch","line":22,"loc":{"start":{"line":22,"column":9},"end":{"line":22,"column":56}},"locations":[{"start":{"line":22,"column":9},"end":{"line":22,"column":56}}]},"10":{"type":"branch","line":40,"loc":{"start":{"line":40,"column":7},"end":{"line":64,"column":1}},"locations":[{"start":{"line":40,"column":7},"end":{"line":64,"column":1}}]},"11":{"type":"branch","line":41,"loc":{"start":{"line":41,"column":19},"end":{"line":47,"column":3}},"locations":[{"start":{"line":41,"column":19},"end":{"line":47,"column":3}}]},"12":{"type":"branch","line":47,"loc":{"start":{"line":47,"column":2},"end":{"line":52,"column":25}},"locations":[{"start":{"line":47,"column":2},"end":{"line":52,"column":25}}]},"13":{"type":"branch","line":52,"loc":{"start":{"line":52,"column":25},"end":{"line":52,"column":55}},"locations":[{"start":{"line":52,"column":25},"end":{"line":52,"column":55}}]},"14":{"type":"branch","line":52,"loc":{"start":{"line":52,"column":54},"end":{"line":55,"column":129}},"locations":[{"start":{"line":52,"column":54},"end":{"line":55,"column":129}}]},"15":{"type":"branch","line":53,"loc":{"start":{"line":53,"column":30},"end":{"line":53,"column":60}},"locations":[{"start":{"line":53,"column":30},"end":{"line":53,"column":60}}]},"16":{"type":"branch","line":53,"loc":{"start":{"line":53,"column":59},"end":{"line":55,"column":129}},"locations":[{"start":{"line":53,"column":59},"end":{"line":55,"column":129}}]},"17":{"type":"branch","line":54,"loc":{"start":{"line":54,"column":47},"end":{"line":54,"column":91}},"locations":[{"start":{"line":54,"column":47},"end":{"line":54,"column":91}}]},"18":{"type":"branch","line":54,"loc":{"start":{"line":54,"column":90},"end":{"line":55,"column":129}},"locations":[{"start":{"line":54,"column":90},"end":{"line":55,"column":129}}]},"19":{"type":"branch","line":55,"loc":{"start":{"line":55,"column":128},"end":{"line":64,"column":1}},"locations":[{"start":{"line":55,"column":128},"end":{"line":64,"column":1}}]},"20":{"type":"branch","line":69,"loc":{"start":{"line":69,"column":7},"end":{"line":78,"column":1}},"locations":[{"start":{"line":69,"column":7},"end":{"line":78,"column":1}}]},"21":{"type":"branch","line":70,"loc":{"start":{"line":70,"column":38},"end":{"line":70,"column":100}},"locations":[{"start":{"line":70,"column":38},"end":{"line":70,"column":100}}]},"22":{"type":"branch","line":72,"loc":{"start":{"line":72,"column":29},"end":{"line":72,"column":41}},"locations":[{"start":{"line":72,"column":29},"end":{"line":72,"column":41}}]},"23":{"type":"branch","line":72,"loc":{"start":{"line":72,"column":42},"end":{"line":72,"column":87}},"locations":[{"start":{"line":72,"column":42},"end":{"line":72,"column":87}}]},"24":{"type":"branch","line":83,"loc":{"start":{"line":83,"column":7},"end":{"line":88,"column":1}},"locations":[{"start":{"line":83,"column":7},"end":{"line":88,"column":1}}]},"25":{"type":"branch","line":86,"loc":{"start":{"line":86,"column":12},"end":{"line":86,"column":41}},"locations":[{"start":{"line":86,"column":12},"end":{"line":86,"column":41}}]},"26":{"type":"branch","line":87,"loc":{"start":{"line":87,"column":9},"end":{"line":87,"column":21}},"locations":[{"start":{"line":87,"column":9},"end":{"line":87,"column":21}}]},"27":{"type":"branch","line":93,"loc":{"start":{"line":93,"column":7},"end":{"line":99,"column":1}},"locations":[{"start":{"line":93,"column":7},"end":{"line":99,"column":1}}]},"28":{"type":"branch","line":94,"loc":{"start":{"line":94,"column":27},"end":{"line":94,"column":39}},"locations":[{"start":{"line":94,"column":27},"end":{"line":94,"column":39}}]},"29":{"type":"branch","line":94,"loc":{"start":{"line":94,"column":38},"end":{"line":95,"column":41}},"locations":[{"start":{"line":94,"column":38},"end":{"line":95,"column":41}}]},"30":{"type":"branch","line":95,"loc":{"start":{"line":95,"column":41},"end":{"line":95,"column":90}},"locations":[{"start":{"line":95,"column":41},"end":{"line":95,"column":90}}]},"31":{"type":"branch","line":95,"loc":{"start":{"line":95,"column":90},"end":{"line":96,"column":45}},"locations":[{"start":{"line":95,"column":90},"end":{"line":96,"column":45}}]},"32":{"type":"branch","line":96,"loc":{"start":{"line":96,"column":45},"end":{"line":96,"column":99}},"locations":[{"start":{"line":96,"column":45},"end":{"line":96,"column":99}}]},"33":{"type":"branch","line":96,"loc":{"start":{"line":96,"column":98},"end":{"line":97,"column":46}},"locations":[{"start":{"line":96,"column":98},"end":{"line":97,"column":46}}]},"34":{"type":"branch","line":97,"loc":{"start":{"line":97,"column":46},"end":{"line":97,"column":102}},"locations":[{"start":{"line":97,"column":46},"end":{"line":97,"column":102}}]},"35":{"type":"branch","line":97,"loc":{"start":{"line":97,"column":101},"end":{"line":99,"column":1}},"locations":[{"start":{"line":97,"column":101},"end":{"line":99,"column":1}}]},"36":{"type":"branch","line":104,"loc":{"start":{"line":104,"column":7},"end":{"line":106,"column":1}},"locations":[{"start":{"line":104,"column":7},"end":{"line":106,"column":1}}]},"37":{"type":"branch","line":105,"loc":{"start":{"line":105,"column":34},"end":{"line":105,"column":46}},"locations":[{"start":{"line":105,"column":34},"end":{"line":105,"column":46}}]},"38":{"type":"branch","line":111,"loc":{"start":{"line":111,"column":7},"end":{"line":131,"column":1}},"locations":[{"start":{"line":111,"column":7},"end":{"line":131,"column":1}}]},"39":{"type":"branch","line":114,"loc":{"start":{"line":114,"column":46},"end":{"line":116,"column":3}},"locations":[{"start":{"line":114,"column":46},"end":{"line":116,"column":3}}]},"40":{"type":"branch","line":116,"loc":{"start":{"line":116,"column":3},"end":{"line":128,"column":3}},"locations":[{"start":{"line":116,"column":3},"end":{"line":128,"column":3}}]},"41":{"type":"branch","line":116,"loc":{"start":{"line":116,"column":51},"end":{"line":121,"column":3}},"locations":[{"start":{"line":116,"column":51},"end":{"line":121,"column":3}}]},"42":{"type":"branch","line":121,"loc":{"start":{"line":121,"column":3},"end":{"line":128,"column":3}},"locations":[{"start":{"line":121,"column":3},"end":{"line":128,"column":3}}]},"43":{"type":"branch","line":121,"loc":{"start":{"line":121,"column":52},"end":{"line":123,"column":3}},"locations":[{"start":{"line":121,"column":52},"end":{"line":123,"column":3}}]},"44":{"type":"branch","line":123,"loc":{"start":{"line":123,"column":3},"end":{"line":128,"column":3}},"locations":[{"start":{"line":123,"column":3},"end":{"line":128,"column":3}}]},"45":{"type":"branch","line":123,"loc":{"start":{"line":123,"column":69},"end":{"line":128,"column":3}},"locations":[{"start":{"line":123,"column":69},"end":{"line":128,"column":3}}]},"46":{"type":"branch","line":115,"loc":{"start":{"line":115,"column":31},"end":{"line":115,"column":54}},"locations":[{"start":{"line":115,"column":31},"end":{"line":115,"column":54}}]},"47":{"type":"branch","line":117,"loc":{"start":{"line":117,"column":31},"end":{"line":120,"column":5}},"locations":[{"start":{"line":117,"column":31},"end":{"line":120,"column":5}}]},"48":{"type":"branch","line":119,"loc":{"start":{"line":119,"column":17},"end":{"line":119,"column":72}},"locations":[{"start":{"line":119,"column":17},"end":{"line":119,"column":72}}]},"49":{"type":"branch","line":119,"loc":{"start":{"line":119,"column":52},"end":{"line":119,"column":57}},"locations":[{"start":{"line":119,"column":52},"end":{"line":119,"column":57}}]},"50":{"type":"branch","line":122,"loc":{"start":{"line":122,"column":31},"end":{"line":122,"column":55}},"locations":[{"start":{"line":122,"column":31},"end":{"line":122,"column":55}}]},"51":{"type":"branch","line":124,"loc":{"start":{"line":124,"column":31},"end":{"line":127,"column":5}},"locations":[{"start":{"line":124,"column":31},"end":{"line":127,"column":5}}]},"52":{"type":"branch","line":126,"loc":{"start":{"line":126,"column":16},"end":{"line":126,"column":57}},"locations":[{"start":{"line":126,"column":16},"end":{"line":126,"column":57}}]},"53":{"type":"branch","line":136,"loc":{"start":{"line":136,"column":7},"end":{"line":159,"column":1}},"locations":[{"start":{"line":136,"column":7},"end":{"line":159,"column":1}}]},"54":{"type":"branch","line":143,"loc":{"start":{"line":143,"column":15},"end":{"line":148,"column":3}},"locations":[{"start":{"line":143,"column":15},"end":{"line":148,"column":3}}]},"55":{"type":"branch","line":145,"loc":{"start":{"line":145,"column":49},"end":{"line":145,"column":63}},"locations":[{"start":{"line":145,"column":49},"end":{"line":145,"column":63}}]},"56":{"type":"branch","line":145,"loc":{"start":{"line":145,"column":62},"end":{"line":146,"column":25}},"locations":[{"start":{"line":145,"column":62},"end":{"line":146,"column":25}}]},"57":{"type":"branch","line":147,"loc":{"start":{"line":147,"column":27},"end":{"line":147,"column":44}},"locations":[{"start":{"line":147,"column":27},"end":{"line":147,"column":44}}]},"58":{"type":"branch","line":151,"loc":{"start":{"line":151,"column":15},"end":{"line":153,"column":3}},"locations":[{"start":{"line":151,"column":15},"end":{"line":153,"column":3}}]},"59":{"type":"branch","line":152,"loc":{"start":{"line":152,"column":27},"end":{"line":152,"column":54}},"locations":[{"start":{"line":152,"column":27},"end":{"line":152,"column":54}}]},"60":{"type":"branch","line":164,"loc":{"start":{"line":164,"column":7},"end":{"line":174,"column":1}},"locations":[{"start":{"line":164,"column":7},"end":{"line":174,"column":1}}]},"61":{"type":"branch","line":167,"loc":{"start":{"line":167,"column":15},"end":{"line":172,"column":3}},"locations":[{"start":{"line":167,"column":15},"end":{"line":172,"column":3}}]},"62":{"type":"branch","line":168,"loc":{"start":{"line":168,"column":24},"end":{"line":168,"column":52}},"locations":[{"start":{"line":168,"column":24},"end":{"line":168,"column":52}}]},"63":{"type":"branch","line":168,"loc":{"start":{"line":168,"column":54},"end":{"line":171,"column":5}},"locations":[{"start":{"line":168,"column":54},"end":{"line":171,"column":5}}]},"64":{"type":"branch","line":179,"loc":{"start":{"line":179,"column":7},"end":{"line":185,"column":1}},"locations":[{"start":{"line":179,"column":7},"end":{"line":185,"column":1}}]},"65":{"type":"branch","line":181,"loc":{"start":{"line":181,"column":15},"end":{"line":183,"column":3}},"locations":[{"start":{"line":181,"column":15},"end":{"line":183,"column":3}}]},"66":{"type":"branch","line":182,"loc":{"start":{"line":182,"column":25},"end":{"line":182,"column":70}},"locations":[{"start":{"line":182,"column":25},"end":{"line":182,"column":70}}]},"67":{"type":"branch","line":190,"loc":{"start":{"line":190,"column":7},"end":{"line":198,"column":1}},"locations":[{"start":{"line":190,"column":7},"end":{"line":198,"column":1}}]},"68":{"type":"branch","line":191,"loc":{"start":{"line":191,"column":13},"end":{"line":191,"column":23}},"locations":[{"start":{"line":191,"column":13},"end":{"line":191,"column":23}}]},"69":{"type":"branch","line":191,"loc":{"start":{"line":191,"column":22},"end":{"line":198,"column":1}},"locations":[{"start":{"line":191,"column":22},"end":{"line":198,"column":1}}]},"70":{"type":"branch","line":203,"loc":{"start":{"line":203,"column":7},"end":{"line":206,"column":1}},"locations":[{"start":{"line":203,"column":7},"end":{"line":206,"column":1}}]},"71":{"type":"branch","line":204,"loc":{"start":{"line":204,"column":13},"end":{"line":204,"column":23}},"locations":[{"start":{"line":204,"column":13},"end":{"line":204,"column":23}}]},"72":{"type":"branch","line":211,"loc":{"start":{"line":211,"column":7},"end":{"line":219,"column":1}},"locations":[{"start":{"line":211,"column":7},"end":{"line":219,"column":1}}]},"73":{"type":"branch","line":213,"loc":{"start":{"line":213,"column":29},"end":{"line":217,"column":3}},"locations":[{"start":{"line":213,"column":29},"end":{"line":217,"column":3}}]},"74":{"type":"branch","line":221,"loc":{"start":{"line":221,"column":7},"end":{"line":237,"column":1}},"locations":[{"start":{"line":221,"column":7},"end":{"line":237,"column":1}}]},"75":{"type":"branch","line":226,"loc":{"start":{"line":226,"column":17},"end":{"line":226,"column":75}},"locations":[{"start":{"line":226,"column":17},"end":{"line":226,"column":75}}]},"76":{"type":"branch","line":229,"loc":{"start":{"line":229,"column":17},"end":{"line":229,"column":75}},"locations":[{"start":{"line":229,"column":17},"end":{"line":229,"column":75}}]},"77":{"type":"branch","line":231,"loc":{"start":{"line":231,"column":41},"end":{"line":234,"column":3}},"locations":[{"start":{"line":231,"column":41},"end":{"line":234,"column":3}}]},"78":{"type":"branch","line":239,"loc":{"start":{"line":239,"column":7},"end":{"line":256,"column":1}},"locations":[{"start":{"line":239,"column":7},"end":{"line":256,"column":1}}]},"79":{"type":"branch","line":244,"loc":{"start":{"line":244,"column":17},"end":{"line":244,"column":75}},"locations":[{"start":{"line":244,"column":17},"end":{"line":244,"column":75}}]},"80":{"type":"branch","line":246,"loc":{"start":{"line":246,"column":39},"end":{"line":246,"column":53}},"locations":[{"start":{"line":246,"column":39},"end":{"line":246,"column":53}}]},"81":{"type":"branch","line":250,"loc":{"start":{"line":250,"column":23},"end":{"line":252,"column":3}},"locations":[{"start":{"line":250,"column":23},"end":{"line":252,"column":3}}]},"82":{"type":"branch","line":251,"loc":{"start":{"line":251,"column":30},"end":{"line":251,"column":45}},"locations":[{"start":{"line":251,"column":30},"end":{"line":251,"column":45}}]},"83":{"type":"branch","line":258,"loc":{"start":{"line":258,"column":7},"end":{"line":264,"column":1}},"locations":[{"start":{"line":258,"column":7},"end":{"line":264,"column":1}}]},"84":{"type":"branch","line":261,"loc":{"start":{"line":261,"column":17},"end":{"line":261,"column":37}},"locations":[{"start":{"line":261,"column":17},"end":{"line":261,"column":37}}]},"85":{"type":"branch","line":266,"loc":{"start":{"line":266,"column":7},"end":{"line":268,"column":1}},"locations":[{"start":{"line":266,"column":7},"end":{"line":268,"column":1}}]},"86":{"type":"branch","line":267,"loc":{"start":{"line":267,"column":21},"end":{"line":267,"column":45}},"locations":[{"start":{"line":267,"column":21},"end":{"line":267,"column":45}}]},"87":{"type":"branch","line":270,"loc":{"start":{"line":270,"column":7},"end":{"line":276,"column":1}},"locations":[{"start":{"line":270,"column":7},"end":{"line":276,"column":1}}]},"88":{"type":"branch","line":272,"loc":{"start":{"line":272,"column":20},"end":{"line":274,"column":3}},"locations":[{"start":{"line":272,"column":20},"end":{"line":274,"column":3}}]},"89":{"type":"branch","line":273,"loc":{"start":{"line":273,"column":30},"end":{"line":273,"column":47}},"locations":[{"start":{"line":273,"column":30},"end":{"line":273,"column":47}}]},"90":{"type":"branch","line":275,"loc":{"start":{"line":275,"column":21},"end":{"line":275,"column":45}},"locations":[{"start":{"line":275,"column":21},"end":{"line":275,"column":45}}]},"91":{"type":"branch","line":281,"loc":{"start":{"line":281,"column":7},"end":{"line":286,"column":1}},"locations":[{"start":{"line":281,"column":7},"end":{"line":286,"column":1}}]},"92":{"type":"branch","line":283,"loc":{"start":{"line":283,"column":29},"end":{"line":284,"column":29}},"locations":[{"start":{"line":283,"column":29},"end":{"line":284,"column":29}}]},"93":{"type":"branch","line":291,"loc":{"start":{"line":291,"column":7},"end":{"line":297,"column":1}},"locations":[{"start":{"line":291,"column":7},"end":{"line":297,"column":1}}]},"94":{"type":"branch","line":293,"loc":{"start":{"line":293,"column":9},"end":{"line":296,"column":3}},"locations":[{"start":{"line":293,"column":9},"end":{"line":296,"column":3}}]},"95":{"type":"branch","line":295,"loc":{"start":{"line":295,"column":27},"end":{"line":295,"column":44}},"locations":[{"start":{"line":295,"column":27},"end":{"line":295,"column":44}}]},"96":{"type":"branch","line":302,"loc":{"start":{"line":302,"column":7},"end":{"line":311,"column":1}},"locations":[{"start":{"line":302,"column":7},"end":{"line":311,"column":1}}]},"97":{"type":"branch","line":304,"loc":{"start":{"line":304,"column":9},"end":{"line":310,"column":3}},"locations":[{"start":{"line":304,"column":9},"end":{"line":310,"column":3}}]},"98":{"type":"branch","line":305,"loc":{"start":{"line":305,"column":21},"end":{"line":309,"column":5}},"locations":[{"start":{"line":305,"column":21},"end":{"line":309,"column":5}}]},"99":{"type":"branch","line":308,"loc":{"start":{"line":308,"column":17},"end":{"line":308,"column":41}},"locations":[{"start":{"line":308,"column":17},"end":{"line":308,"column":41}}]}},"b":{"0":[27],"1":[4],"2":[6],"3":[5],"4":[5],"5":[2],"6":[2],"7":[2],"8":[4],"9":[16],"10":[33],"11":[12],"12":[21],"13":[14],"14":[7],"15":[1],"16":[6],"17":[5],"18":[1],"19":[21],"20":[3],"21":[2],"22":[1],"23":[2],"24":[1],"25":[3],"26":[2],"27":[5],"28":[1],"29":[4],"30":[0],"31":[4],"32":[1],"33":[3],"34":[1],"35":[2],"36":[3],"37":[1],"38":[5],"39":[1],"40":[4],"41":[1],"42":[3],"43":[1],"44":[2],"45":[1],"46":[3],"47":[3],"48":[2],"49":[0],"50":[3],"51":[3],"52":[1],"53":[1],"54":[3],"55":[2],"56":[1],"57":[2],"58":[3],"59":[2],"60":[2],"61":[5],"62":[3],"63":[2],"64":[2],"65":[5],"66":[3],"67":[8],"68":[2],"69":[6],"70":[2],"71":[0],"72":[2],"73":[1],"74":[2],"75":[0],"76":[0],"77":[1],"78":[2],"79":[0],"80":[3],"81":[2],"82":[0],"83":[1],"84":[0],"85":[1],"86":[3],"87":[1],"88":[3],"89":[2],"90":[3],"91":[2],"92":[1],"93":[1],"94":[3],"95":[1],"96":[1],"97":[4],"98":[2],"99":[1]},"fnMap":{"0":{"name":"normalizeForComparison","decl":{"start":{"line":7,"column":7},"end":{"line":14,"column":1}},"loc":{"start":{"line":7,"column":7},"end":{"line":14,"column":1}},"line":7},"1":{"name":"getQuestionSignature","decl":{"start":{"line":19,"column":7},"end":{"line":28,"column":1}},"loc":{"start":{"line":19,"column":7},"end":{"line":28,"column":1}},"line":19},"2":{"name":"calculateNextInterval","decl":{"start":{"line":40,"column":7},"end":{"line":64,"column":1}},"loc":{"start":{"line":40,"column":7},"end":{"line":64,"column":1}},"line":40},"3":{"name":"updateSRState","decl":{"start":{"line":69,"column":7},"end":{"line":78,"column":1}},"loc":{"start":{"line":69,"column":7},"end":{"line":78,"column":1}},"line":69},"4":{"name":"getDueQuestions","decl":{"start":{"line":83,"column":7},"end":{"line":88,"column":1}},"loc":{"start":{"line":83,"column":7},"end":{"line":88,"column":1}},"line":83},"5":{"name":"matchesTopicSelection","decl":{"start":{"line":93,"column":7},"end":{"line":99,"column":1}},"loc":{"start":{"line":93,"column":7},"end":{"line":99,"column":1}},"line":93},"6":{"name":"getTopicCategory","decl":{"start":{"line":104,"column":7},"end":{"line":106,"column":1}},"loc":{"start":{"line":104,"column":7},"end":{"line":106,"column":1}},"line":104},"7":{"name":"applyInstantFilter","decl":{"start":{"line":111,"column":7},"end":{"line":131,"column":1}},"loc":{"start":{"line":111,"column":7},"end":{"line":131,"column":1}},"line":111},"8":{"name":"getOverallStats","decl":{"start":{"line":136,"column":7},"end":{"line":159,"column":1}},"loc":{"start":{"line":136,"column":7},"end":{"line":159,"column":1}},"line":136},"9":{"name":"getLastStudiedTopic","decl":{"start":{"line":164,"column":7},"end":{"line":174,"column":1}},"loc":{"start":{"line":164,"column":7},"end":{"line":174,"column":1}},"line":164},"10":{"name":"getMostRecentAttemptTime","decl":{"start":{"line":179,"column":7},"end":{"line":185,"column":1}},"loc":{"start":{"line":179,"column":7},"end":{"line":185,"column":1}},"line":179},"11":{"name":"escapeHtml","decl":{"start":{"line":190,"column":7},"end":{"line":198,"column":1}},"loc":{"start":{"line":190,"column":7},"end":{"line":198,"column":1}},"line":190},"12":{"name":"escapeAttr","decl":{"start":{"line":203,"column":7},"end":{"line":206,"column":1}},"loc":{"start":{"line":203,"column":7},"end":{"line":206,"column":1}},"line":203},"13":{"name":"toggleBookmark","decl":{"start":{"line":211,"column":7},"end":{"line":219,"column":1}},"loc":{"start":{"line":211,"column":7},"end":{"line":219,"column":1}},"line":211},"14":{"name":"addTagToBookmark","decl":{"start":{"line":221,"column":7},"end":{"line":237,"column":1}},"loc":{"start":{"line":221,"column":7},"end":{"line":237,"column":1}},"line":221},"15":{"name":"removeTagFromBookmark","decl":{"start":{"line":239,"column":7},"end":{"line":256,"column":1}},"loc":{"start":{"line":239,"column":7},"end":{"line":256,"column":1}},"line":239},"16":{"name":"updateBookmarkNote","decl":{"start":{"line":258,"column":7},"end":{"line":264,"column":1}},"loc":{"start":{"line":258,"column":7},"end":{"line":264,"column":1}},"line":258},"17":{"name":"getBookmarkedQuestions","decl":{"start":{"line":266,"column":7},"end":{"line":268,"column":1}},"loc":{"start":{"line":266,"column":7},"end":{"line":268,"column":1}},"line":266},"18":{"name":"getQuestionsByTag","decl":{"start":{"line":270,"column":7},"end":{"line":276,"column":1}},"loc":{"start":{"line":270,"column":7},"end":{"line":276,"column":1}},"line":270},"19":{"name":"toggleWeakPoint","decl":{"start":{"line":281,"column":7},"end":{"line":286,"column":1}},"loc":{"start":{"line":281,"column":7},"end":{"line":286,"column":1}},"line":281},"20":{"name":"debounce","decl":{"start":{"line":291,"column":7},"end":{"line":297,"column":1}},"loc":{"start":{"line":291,"column":7},"end":{"line":297,"column":1}},"line":291},"21":{"name":"throttle","decl":{"start":{"line":302,"column":7},"end":{"line":311,"column":1}},"loc":{"start":{"line":302,"column":7},"end":{"line":311,"column":1}},"line":302}},"f":{"0":27,"1":6,"2":33,"3":3,"4":1,"5":5,"6":3,"7":5,"8":1,"9":2,"10":2,"11":8,"12":2,"13":2,"14":2,"15":2,"16":1,"17":1,"18":1,"19":2,"20":1,"21":1}}
}
